 SERVICE    PID        SDATE        STIME        EDATE        ETIME       
 -------    ---        -----        -----        -----        -----       
@GetCertificate 1320       1082981908   6463173      1082981910   6464775     
@GetWebProfile 1320       1082981910   6465216      1082981916   6471245     
@GetCertificate 1320       1082981920   6475511      1082981922   6476833     
@PpmMonSvc  1320       1082981922   6477193      1082981922   6477293     
@GetCertificate 1320       1082981952   6507006      1082981952   6507196     
@PortalRegistry 1320       1082981953   6507717      1082981953   6507857     
@PortalRegistry 1320       1082981953   6507937      1082981954   6508628     
@PortalRegistry 1320       1082981954   6508909      1082981954   6509139     
@PortalRegistry 1320       1082981954   6509179      1082981954   6509229     
@PortalRegistry 1320       1082981954   6509249      1082981954   6509450     
@PortalRegistry 1320       1082981955   6509980      1082981957   6512013     
@HomepageT  1320       1082981958   6512905      1082981959   6514297     
@PortalRegistry 1320       1082981961   6516119      1082981961   6516129     
@PortalRegistry 1320       1082981961   6516269      1082981961   6516279     
@PortalRegistry 1320       1082981961   6516500      1082981961   6516510     
@ICScript   1320       1082981962   6517111      1082981976   6530981     
@ICScript   1320       1082981977   6531611      1082981980   6534956     
@ICScript   1320       1082981980   6535016      1082981980   6535046     
@ICScript   1320       1082981982   6537300      1082981982   6537340     
@ICScript   1320       1082981994   6548796      1082981995   6549878     
@ICScript   1320       1082981999   6554284      1082982001   6556137     
@PortalRegistry 1320       1082982004   6558791      1082982004   6558961     
@PortalRegistry 1320       1082982004   6558971      1082982004   6558971     
@ICScript   1320       1082982004   6558991      1082982004   6559031     
@PortalRegistry 1320       1082982004   6559131      1082982004   6559171     
@PortalRegistry 1320       1082982004   6559171      1082982004   6559171     
@ICScript   1320       1082982004   6559341      1082982004   6559492     
@ICScript   1320       1082982004   6559492      1082982005   6559732     
@ICPanel    1320       1082982005   6559762      1082982011   6566532     
@ICPanel    1320       1082982017   6571679      1082982020   6575134     
@ICPanel    1320       1082982023   6578509      1082982135   6690189     
@ICPanel    1320       1082982289   6843660      1082982290   6845543     
@ICScript   1320       1082982317   6872271      1082982317   6872321     
@ICPanel    1320       1082982317   6872412      1082982317   6872492     
@ICPanel    1320       1082982323   6877909      1082982324   6878981     
@ICPanel    1320       1082982326   6880804      1082982326   6881394     
@ICPanel    1320       1082982335   6889797      1082982335   6890037     
@ICPanel    1320       1082982337   6891859      1082982338   6892831     
@JavaMgrGetObj 1320       1082982338   6892861      1082982338   6892981     
@ICPanel    1320       1082982346   6900772      1082982346   6900993     
@JavaMgrGetObj 1320       1082982346   6901063      1082982346   6901073     
@ICPanel    1320       1082982354   6909044      1082982354   6909295     
@JavaMgrGetObj 1320       1082982354   6909305      1082982354   6909315     
@ICPanel    1320       1082982370   6924937      1082982370   6925237     
@ICPanel    1320       1082982373   6927811      1082982373   6927971     
@ICPanel    1320       1082982375   6930215      1082982376   6930695     
@JavaMgrGetObj 1320       1082982376   6930705      1082982376   6930725     
@ICPanel    1320       1082982387   6941761      1082982387   6941962     
@ICPanel    1320       1082982389   6943914      1082982389   6944125     
@ICPanel    1320       1082982391   6946408      1082982392   6946578     
@ICPanel    1320       1082982393   6947890      1082982393   6948080     
