
Table dropped.

DROP VIEW tracesql
*
ERROR at line 1:
ORA-00942: table or view does not exist



Table created.


Index created.


Package created.


Package body created.

No errors.

Trigger created.

  1  CREATE OR REPLACE TRIGGER tracesql
  2  BEFORE INSERT on tracesql
  3  FOR EACH ROW
  4  DECLARE
  5     l_parent_line_num INTEGER;
  6  BEGIN
  7     :new.operation := cleansql.cleansql(:new.operation);
  8  /*
  9     IF :new.operation = 'Fetch' THEN
 10        SELECT MAX(a.line_num)
 11        INTO   l_parent_line_num
 12        FROM   tracesql a
 13        WHERE  (a.operation LIKE 'COM Stmt=%'
 14        OR      a.operation LIKE 'CEX Stmt=%')
 15        AND    a.database  = :new.database
 16        AND    a.program   = :new.program
 17        AND    a.pid       = :new.pid
 18        AND    a.line_id   = :new.line_id
 19        AND    a.line_num  < :new.line_num
 20        AND    a.cursor    = :new.cursor
 21        AND    a.timestamp <= :new.timestamp
 22        ;
 23        :new.parent_line_num := l_parent_line_num;
 24     END IF;
 25  */
 26* END;
No errors.
