
                                       AE      PC            % Cum %     % Cum %
 Stmt                        Exec     SQL     SQL     PC   SQL   SQL Total Total
 Rank Statement ID          Count    Time    Time   Time  Time  Time  Time  Time
----- --------------------- ----- ------- ------- ------ ----- ----- ----- -----
    1 HR_FASTVIEW.SEC_UPD.S    39     6.4     0.0    0.0  16.4  16.4   4.8   4.8
      tep01.D                                                                   
                                                                                
    2 AE Internal.COMMIT      101     4.8     0.0    0.0  12.3  28.7   3.6   8.5
    3 PER099.INSERT.Step01.     1     3.8     0.0    0.0   9.7  38.5   2.9  11.4
      S                                                                         
                                                                                
    4 PER099.COPY.Step03.S      5     3.3     0.0    0.0   8.6  47.0   2.5  13.9
    5 PER099.UPDATE.Step05.     1     3.1     0.0    0.0   7.9  54.9   2.3  16.2
      S                                                                         
                                                                                
    6 PER099.DELETES.Step01     1     2.6     0.0    0.0   6.7  61.6   2.0  18.2
      .S                                                                        
                                                                                
    7 PER099.COPY.Step02.S      5     2.1     0.0    0.0   5.5  67.1   1.6  19.8
    8 AE Internal.LOGMSG       34     1.4     0.0    0.0   3.7  70.8   1.1  20.9
    9 PER099.UPDATE.Step01.     1     1.2     0.0    0.0   3.1  73.9   0.9  21.8
      S                                                                         
                                                                                
   10 PER099.UPDATE.Step11.     1     1.1     0.0    0.0   2.9  76.8   0.9  22.7
      S                                                                         
                                                                                
   11 PER099.UPDATE.Step09.     1     1.1     0.0    0.0   2.8  79.6   0.8  23.5
      S                                                                         
                                                                                
   12 PER099.UPDATE.Step03.     1     0.9     0.0    0.0   2.2  81.8   0.7  24.2
      S                                                                         
                                                                                
   13 PER099.UPD_LNG.DEPT.S    18     0.8     0.0    0.0   2.1  84.0   0.6  24.8
   14 PER099.COPY.Step01.S      5     0.7     0.0    0.0   1.9  85.9   0.6  25.4
   15 PER099.UPD_LNG.DELETE    18     0.5     0.0    0.0   1.4  87.2   0.4  25.8
      .S                                                                        
                                                                                
   16 HR_FASTVIEW.SEC_DB2.S     3     0.5     0.0    0.0   1.3  89.9   0.4  26.5
      tep02.S                                                                   

                                       AE      PC            % Cum %     % Cum %
 Stmt                        Exec     SQL     SQL     PC   SQL   SQL Total Total
 Rank Statement ID          Count    Time    Time   Time  Time  Time  Time  Time
----- --------------------- ----- ------- ------- ------ ----- ----- ----- -----
                                                                                
   16 HR_FASTVIEW.SECURITY.     3     0.5     0.0    0.0   1.3  89.9   0.4  26.5
      Step02.S                                                                  
                                                                                
   18 HR_FASTVIEW.SEC_DB2.S     3     0.5     0.0    0.0   1.3  91.2   0.4  26.9
      tep01.S                                                                   
                                                                                
   19 PER099.UPD_LNG.INITRO    18     0.5     0.0    0.0   1.3  92.4   0.4  27.3
      WS.S                                                                      
                                                                                
   20 HR_FASTVIEW.MAIN.INIT     3     0.5     0.0    0.0   1.2  93.6   0.3  27.6
      .S                                                                        
                                                                                

20 rows selected.

